<?xml version="1.0" encoding="UTF-8"?>
<!-- Generated by org.testng.reporters.JUnitXMLReporter -->
<testsuite ignored="0" hostname="root" failures="0" tests="3" name="Default test" time="27.53" errors="0" timestamp="2021-04-28T16:52:49 IST">
  <testcase classname="CookieEyes.CY" name="verify_waveurl" time="26.788"/>
  <testcase classname="CookieEyes.CY" name="isenable_ispresent1" time="0.329"/>
  <testcase classname="CookieEyes.CY" name="isenable_ispresent2" time="0.328"/>
</testsuite> <!-- Default test -->
