<?xml version="1.0" encoding="UTF-8"?>
<testng-results ignored="0" total="3" passed="3" failed="0" skipped="0">
  <reporter-output>
  </reporter-output>
  <suite started-at="2021-05-01T13:22:15 IST" name="Default suite" finished-at="2021-05-01T13:22:38 IST" duration-ms="23353">
    <groups>
    </groups>
    <test started-at="2021-05-01T13:22:15 IST" name="Default test" finished-at="2021-05-01T13:22:38 IST" duration-ms="23353">
      <class name="CookieEyes.CY">
        <test-method signature="verify_waveurl()[pri:1, instance:CookieEyes.CY@7748410a]" started-at="2021-05-01T13:22:15 IST" name="verify_waveurl" finished-at="2021-05-01T13:22:29 IST" duration-ms="14098" status="PASS">
          <reporter-output>
          </reporter-output>
        </test-method> <!-- verify_waveurl -->
        <test-method signature="login()[pri:2, instance:CookieEyes.CY@7748410a]" started-at="2021-05-01T13:22:29 IST" name="login" finished-at="2021-05-01T13:22:32 IST" duration-ms="2667" status="PASS">
          <reporter-output>
          </reporter-output>
        </test-method> <!-- login -->
        <test-method signature="WindowHandling()[pri:3, instance:CookieEyes.CY@7748410a]" started-at="2021-05-01T13:22:32 IST" name="WindowHandling" finished-at="2021-05-01T13:22:38 IST" duration-ms="6417" status="PASS">
          <reporter-output>
          </reporter-output>
        </test-method> <!-- WindowHandling -->
      </class> <!-- CookieEyes.CY -->
    </test> <!-- Default test -->
  </suite> <!-- Default suite -->
</testng-results>
